<?xml version="1.0" encoding="UTF-8"?>
<testsuite name="com.ge.predix.solsvc.bootstrap.ams.factories.cf.ClassificationFactoryIT" time="0.946" tests="1" errors="1" skipped="0" failures="0">
  <properties>
[...]
</properties>
  <testcase name="testClassificationCRUDOperations" classname="com.ge.predix.solsvc.bootstrap.ams.factories.cf.ClassificationFactoryIT" time="0.946">
    <error message="unable to call url=https://put.your.uaa.uri.here/oauth/token" type="java.lang.RuntimeException">java.lang.RuntimeException: unable to call url=https://put.your.uaa.uri.here/oauth/token
	at java.net.DualStackPlainSocketImpl.connect0(Native Method)
	at java.net.DualStackPlainSocketImpl.socketConnect(DualStackPlainSocketImpl.java:79)
	at java.net.AbstractPlainSocketImpl.doConnect(AbstractPlainSocketImpl.java:350)
	at java.net.AbstractPlainSocketImpl.connectToAddress(AbstractPlainSocketImpl.java:206)
	at java.net.AbstractPlainSocketImpl.connect(AbstractPlainSocketImpl.java:188)
	at java.net.PlainSocketImpl.connect(PlainSocketImpl.java:172)
	at java.net.SocksSocketImpl.connect(SocksSocketImpl.java:392)
	at java.net.Socket.connect(Socket.java:589)
	at org.apache.http.conn.ssl.SSLConnectionSocketFactory.connectSocket(SSLConnectionSocketFactory.java:244)
	at org.apache.http.impl.conn.HttpClientConnectionOperator.connect(HttpClientConnectionOperator.java:125)
	at org.apache.http.impl.conn.PoolingHttpClientConnectionManager.connect(PoolingHttpClientConnectionManager.java:319)
	at org.apache.http.impl.execchain.MainClientExec.establishRoute(MainClientExec.java:363)
	at org.apache.http.impl.execchain.MainClientExec.execute(MainClientExec.java:219)
	at org.apache.http.impl.execchain.ProtocolExec.execute(ProtocolExec.java:195)
	at org.apache.http.impl.execchain.RetryExec.execute(RetryExec.java:86)
	at org.apache.http.impl.execchain.RedirectExec.execute(RedirectExec.java:108)
	at org.apache.http.impl.client.InternalHttpClient.doExecute(InternalHttpClient.java:184)
	at org.apache.http.impl.client.CloseableHttpClient.execute(CloseableHttpClient.java:82)
	at org.apache.http.impl.client.CloseableHttpClient.execute(CloseableHttpClient.java:106)
	at com.ge.predix.solsvc.restclient.impl.RestClientImpl.performGet(RestClientImpl.java:369)
	at com.ge.predix.solsvc.restclient.impl.RestClientImpl.requestToken(RestClientImpl.java:308)
	at com.ge.predix.solsvc.restclient.impl.RestClientImpl.requestToken(RestClientImpl.java:154)
	at com.ge.predix.solsvc.restclient.impl.RestClientImpl.addSecureTokenForHeaders(RestClientImpl.java:638)
	at com.ge.predix.solsvc.restclient.impl.RestClientImpl.getSecureTokenForClientId(RestClientImpl.java:116)
	at com.ge.predix.solsvc.bootstrap.ams.factories.cf.ClassificationFactoryIT.testClassificationCRUDOperations(ClassificationFactoryIT.java:67)
</error>
    <system-out><![CDATA[12:13:49.886 [main] DEBUG c.g.p.s.r.impl.RestClientImpl - predix.oauth.clientId=put.your.clientId
12:13:49.886 [main] DEBUG c.g.p.s.r.impl.RestClientImpl - headers=[Content-Type: application/x-www-form-urlencoded, Authorization: Basic cHV0LnlvdXIuY2xpZW50SWQ6cHV0LnlvdXIuY2xpZW50U2VjcmV0, Pragma: no-cache]
12:13:49.886 [main] DEBUG c.g.p.s.r.impl.RestClientImpl - oauthResource=/oauth/token
12:13:49.886 [main] DEBUG c.g.p.s.r.impl.RestClientImpl - oauthHost=put.your.uaa.uri.here
12:13:49.886 [main] DEBUG c.g.p.s.r.impl.RestClientImpl - oauthPort=80
12:13:49.886 [main] DEBUG c.g.p.s.r.impl.RestClientImpl - oauthGrantType=client_credentials
12:13:49.886 [main] DEBUG c.g.p.s.r.impl.RestClientImpl - proxyHost=
12:13:49.886 [main] DEBUG c.g.p.s.r.impl.RestClientImpl - proxyPort=
12:13:49.886 [main] DEBUG c.g.p.s.r.impl.RestClientImpl - userName=null
12:13:49.886 [main] DEBUG c.g.p.s.r.impl.RestClientImpl - encodePassword=false
12:13:49.886 [main] DEBUG c.g.p.s.r.impl.RestClientImpl - tokenUrl=https://put.your.uaa.uri.here/oauth/token queryParams=grant_type=client_credentials
12:13:50.903 [main] DEBUG c.g.p.s.r.impl.RestClientImpl - poolManager.getTotalStats().getMax()10
12:13:50.903 [main] DEBUG c.g.p.s.r.impl.RestClientImpl - poolManager.getTotalStats().getLeased()0
]]></system-out>
    <system-err><![CDATA[Mar 22, 2016 12:13:49 PM org.springframework.test.context.support.AbstractTestContextBootstrapper getDefaultTestExecutionListenerClassNames
INFO: Loaded default TestExecutionListener class names from location [META-INF/spring.factories]: [org.springframework.test.context.web.ServletTestExecutionListener, org.springframework.test.context.support.DependencyInjectionTestExecutionListener, org.springframework.test.context.support.DirtiesContextTestExecutionListener, org.springframework.test.context.transaction.TransactionalTestExecutionListener, org.springframework.test.context.jdbc.SqlScriptsTestExecutionListener]
Mar 22, 2016 12:13:49 PM org.springframework.test.context.support.AbstractTestContextBootstrapper instantiateListeners
INFO: Could not instantiate TestExecutionListener [org.springframework.test.context.transaction.TransactionalTestExecutionListener]. Specify custom listener classes or make the default listener classes (and their required dependencies) available. Offending class: [org/springframework/transaction/interceptor/TransactionAttributeSource]
Mar 22, 2016 12:13:49 PM org.springframework.test.context.support.AbstractTestContextBootstrapper instantiateListeners
INFO: Could not instantiate TestExecutionListener [org.springframework.test.context.web.ServletTestExecutionListener]. Specify custom listener classes or make the default listener classes (and their required dependencies) available. Offending class: [javax/servlet/ServletContext]
Mar 22, 2016 12:13:49 PM org.springframework.test.context.support.AbstractTestContextBootstrapper instantiateListeners
INFO: Could not instantiate TestExecutionListener [org.springframework.test.context.jdbc.SqlScriptsTestExecutionListener]. Specify custom listener classes or make the default listener classes (and their required dependencies) available. Offending class: [org/springframework/transaction/interceptor/TransactionAttribute]
Mar 22, 2016 12:13:49 PM org.springframework.test.context.support.AbstractTestContextBootstrapper getTestExecutionListeners
INFO: Using TestExecutionListeners: [org.springframework.test.context.support.DependencyInjectionTestExecutionListener@2364305a, org.springframework.test.context.support.DirtiesContextTestExecutionListener@470a696f]
]]></system-err>
  </testcase>
</testsuite>